C:\USERS\USER\DESKTOP\기말[1]\RELEASE\기말.EXE
C:\USERS\USER\DESKTOP\기말[1]\RELEASE\기말.PDB
C:\USERS\USER\DESKTOP\기말[1]\기말\RELEASE\ADD.OBJ
C:\USERS\USER\DESKTOP\기말[1]\기말\RELEASE\ADJUST.OBJ
C:\USERS\USER\DESKTOP\기말[1]\기말\RELEASE\CHANGE.OBJ
C:\Users\User\Desktop\기말[1]\기말\Release\cl.command.1.tlog
C:\Users\User\Desktop\기말[1]\기말\Release\CL.read.1.tlog
C:\Users\User\Desktop\기말[1]\기말\Release\CL.write.1.tlog
C:\USERS\USER\DESKTOP\기말[1]\기말\RELEASE\DELETE.OBJ
C:\Users\User\Desktop\기말[1]\기말\Release\link.command.1.tlog
C:\Users\User\Desktop\기말[1]\기말\Release\link.read.1.tlog
C:\Users\User\Desktop\기말[1]\기말\Release\link.write.1.tlog
C:\USERS\USER\DESKTOP\기말[1]\기말\RELEASE\MAIN.OBJ
C:\Users\User\Desktop\기말[1]\기말\Release\mt.command.1.tlog
C:\Users\User\Desktop\기말[1]\기말\Release\mt.read.1.tlog
C:\Users\User\Desktop\기말[1]\기말\Release\mt.write.1.tlog
C:\USERS\USER\DESKTOP\기말[1]\기말\RELEASE\VC100.PDB
C:\USERS\USER\DESKTOP\기말[1]\기말\RELEASE\기말.EXE.INTERMEDIATE.MANIFEST
C:\Users\User\Desktop\기말[1]\기말\Release\기말.write.1.tlog
C:\WINDOWS\MICROSOFT.NET\FRAMEWORK\V2.0.50727\MSCORWKS.DLL
C:\WINDOWS\MICROSOFT.NET\FRAMEWORK\V4.0.30319\CLR.DLL
