빌드 시작: 2005-01-04 오전 8:04:03
     1>2 노드의 "C:\Users\User\Desktop\기말\기말\기말.vcxproj" 프로젝트(build 대상)입니다.
     1>InitializeBuildStatus:
         "AlwaysCreate"이(가) 지정되었기 때문에 "Debug\기말.unsuccessfulbuild"을(를) 만들고 있습니다.
       ClCompile:
         C:\Program Files\Microsoft Visual Studio 10.0\VC\bin\CL.exe /c /Zi /nologo /W3 /WX- /Od /Oy- /D WIN32 /D _DEBUG /D _CONSOLE /D _UNICODE /D UNICODE /Gm /EHsc /RTC1 /MDd /GS /fp:precise /Zc:wchar_t /Zc:forScope /Fo"Debug\\" /Fd"Debug\vc100.pdb" /Gd /TC /analyze- /errorReport:prompt add.c adjust.c change.c delete.c main.c
         main.c
     1>main.c(15): warning C4996: 'fopen': This function or variable may be unsafe. Consider using fopen_s instead. To disable deprecation, use _CRT_SECURE_NO_WARNINGS. See online help for details.
                 C:\Program Files\Microsoft Visual Studio 10.0\VC\include\stdio.h(234) : 'fopen' 선언을 참조하십시오.
     1>main.c(18): warning C4996: 'fscanf': This function or variable may be unsafe. Consider using fscanf_s instead. To disable deprecation, use _CRT_SECURE_NO_WARNINGS. See online help for details.
                 C:\Program Files\Microsoft Visual Studio 10.0\VC\include\stdio.h(253) : 'fscanf' 선언을 참조하십시오.
     1>main.c(26): warning C4996: 'scanf': This function or variable may be unsafe. Consider using scanf_s instead. To disable deprecation, use _CRT_SECURE_NO_WARNINGS. See online help for details.
                 C:\Program Files\Microsoft Visual Studio 10.0\VC\include\stdio.h(304) : 'scanf' 선언을 참조하십시오.
     1>main.c(12): warning C4101: 'i' :참조되지 않은 지역 변수입니다.
         delete.c
     1>delete.c(17): warning C4996: 'fopen': This function or variable may be unsafe. Consider using fopen_s instead. To disable deprecation, use _CRT_SECURE_NO_WARNINGS. See online help for details.
                 C:\Program Files\Microsoft Visual Studio 10.0\VC\include\stdio.h(234) : 'fopen' 선언을 참조하십시오.
     1>delete.c(20): warning C4996: 'scanf': This function or variable may be unsafe. Consider using scanf_s instead. To disable deprecation, use _CRT_SECURE_NO_WARNINGS. See online help for details.
                 C:\Program Files\Microsoft Visual Studio 10.0\VC\include\stdio.h(304) : 'scanf' 선언을 참조하십시오.
     1>delete.c(28): warning C4996: 'strcpy': This function or variable may be unsafe. Consider using strcpy_s instead. To disable deprecation, use _CRT_SECURE_NO_WARNINGS. See online help for details.
                 C:\Program Files\Microsoft Visual Studio 10.0\VC\include\string.h(105) : 'strcpy' 선언을 참조하십시오.
         change.c
     1>change.c(15): warning C4996: 'fopen': This function or variable may be unsafe. Consider using fopen_s instead. To disable deprecation, use _CRT_SECURE_NO_WARNINGS. See online help for details.
                 C:\Program Files\Microsoft Visual Studio 10.0\VC\include\stdio.h(234) : 'fopen' 선언을 참조하십시오.
     1>change.c(18): warning C4996: 'scanf': This function or variable may be unsafe. Consider using scanf_s instead. To disable deprecation, use _CRT_SECURE_NO_WARNINGS. See online help for details.
                 C:\Program Files\Microsoft Visual Studio 10.0\VC\include\stdio.h(304) : 'scanf' 선언을 참조하십시오.
     1>change.c(25): warning C4996: 'scanf': This function or variable may be unsafe. Consider using scanf_s instead. To disable deprecation, use _CRT_SECURE_NO_WARNINGS. See online help for details.
                 C:\Program Files\Microsoft Visual Studio 10.0\VC\include\stdio.h(304) : 'scanf' 선언을 참조하십시오.
         adjust.c
     1>adjust.c(14): warning C4996: 'scanf': This function or variable may be unsafe. Consider using scanf_s instead. To disable deprecation, use _CRT_SECURE_NO_WARNINGS. See online help for details.
                 C:\Program Files\Microsoft Visual Studio 10.0\VC\include\stdio.h(304) : 'scanf' 선언을 참조하십시오.
         add.c
     1>add.c(14): warning C4996: 'fopen': This function or variable may be unsafe. Consider using fopen_s instead. To disable deprecation, use _CRT_SECURE_NO_WARNINGS. See online help for details.
                 C:\Program Files\Microsoft Visual Studio 10.0\VC\include\stdio.h(234) : 'fopen' 선언을 참조하십시오.
     1>add.c(16): warning C4996: 'scanf': This function or variable may be unsafe. Consider using scanf_s instead. To disable deprecation, use _CRT_SECURE_NO_WARNINGS. See online help for details.
                 C:\Program Files\Microsoft Visual Studio 10.0\VC\include\stdio.h(304) : 'scanf' 선언을 참조하십시오.
         코드를 생성하고 있습니다...
       Link:
         C:\Program Files\Microsoft Visual Studio 10.0\VC\bin\link.exe /ERRORREPORT:PROMPT /OUT:"C:\Users\User\Desktop\기말\Debug\기말.exe" /INCREMENTAL /NOLOGO kernel32.lib user32.lib gdi32.lib winspool.lib comdlg32.lib advapi32.lib shell32.lib ole32.lib oleaut32.lib uuid.lib odbc32.lib odbccp32.lib /MANIFEST /ManifestFile:"Debug\기말.exe.intermediate.manifest" /MANIFESTUAC:"level='asInvoker' uiAccess='false'" /DEBUG /PDB:"C:\Users\User\Desktop\기말\Debug\기말.pdb" /SUBSYSTEM:CONSOLE /TLBID:1 /DYNAMICBASE /NXCOMPAT /IMPLIB:"C:\Users\User\Desktop\기말\Debug\기말.lib" /MACHINE:X86 Debug\add.obj
         Debug\adjust.obj
         Debug\change.obj
         Debug\delete.obj
         Debug\main.obj
         기말.vcxproj -> C:\Users\User\Desktop\기말\Debug\기말.exe
       Manifest:
         C:\Program Files\Microsoft SDKs\Windows\v7.0A\bin\mt.exe /nologo /verbose /out:"C:\Users\User\Desktop\기말\Debug\기말.exe.manifest" /manifest "Debug\기말.exe.intermediate.manifest"
       FinalizeBuildStatus:
         "Debug\기말.unsuccessfulbuild" 파일을 삭제하고 있습니다.
         "Debug\기말.lastbuildstate"에 연결(touching)하고 있습니다.
     1>"C:\Users\User\Desktop\기말\기말\기말.vcxproj" 프로젝트를 빌드했습니다(build 대상).

빌드했습니다.

경과 시간: 00:00:00.40
